  Bone_Animation.cpp
  Renderer.cpp
C:\Users\pmeka\source\repos\HW3CS4392\HW3CS4392\Shader.h(51,10): warning C4101: 'info_log': unreferenced local variable
C:\Users\pmeka\source\repos\HW3CS4392\HW3CS4392\Object.h(81,23): warning C4267: 'initializing': conversion from 'size_t' to 'int', possible loss of data
C:\Users\pmeka\source\repos\HW3CS4392\HW3CS4392\Object.h(175,23): warning C4305: 'argument': truncation from 'int' to 'T'
          with
          [
              T=float
          ]
C:\Users\pmeka\source\repos\HW3CS4392\HW3CS4392\Renderer.cpp(242,22): warning C4244: 'initializing': conversion from 'double' to 'float', possible loss of data
C:\Users\pmeka\source\repos\HW3CS4392\HW3CS4392\Renderer.cpp(290,58): warning C4267: 'argument': conversion from 'size_t' to 'GLsizei', possible loss of data
C:\Users\pmeka\source\repos\HW3CS4392\HW3CS4392\Renderer.cpp(300,58): warning C4267: 'argument': conversion from 'size_t' to 'GLsizei', possible loss of data
C:\Users\pmeka\source\repos\HW3CS4392\HW3CS4392\Renderer.cpp(305,58): warning C4267: 'argument': conversion from 'size_t' to 'GLsizei', possible loss of data
C:\Users\pmeka\source\repos\HW3CS4392\HW3CS4392\Renderer.cpp(312,54): warning C4267: 'argument': conversion from 'size_t' to 'GLsizei', possible loss of data
  main.cpp
C:\Users\pmeka\source\repos\HW3CS4392\HW3CS4392\Shader.h(51,10): warning C4101: 'info_log': unreferenced local variable
C:\Users\pmeka\source\repos\HW3CS4392\HW3CS4392\Object.h(81,23): warning C4267: 'initializing': conversion from 'size_t' to 'int', possible loss of data
C:\Users\pmeka\source\repos\HW3CS4392\HW3CS4392\Object.h(175,23): warning C4305: 'argument': truncation from 'int' to 'T'
          with
          [
              T=float
          ]
LINK : warning LNK4098: defaultlib 'LIBCMT' conflicts with use of other libs; use /NODEFAULTLIB:library
  Generating code
  2 of 1394 functions ( 0.1%) were compiled, the rest were copied from previous compilation.
    0 functions were new in current compilation
    1 functions had inline decision re-evaluated but remain unchanged
  Finished generating code
glew32s.lib(glew.obj) : warning LNK4099: PDB '' was not found with 'glew32s.lib(glew.obj)' or at ''; linking object as if no debug info
  HW3CS4392.vcxproj -> C:\Users\pmeka\source\repos\HW3CS4392\x64\Release\HW3CS4392.exe
